<?xml version="1.0" encoding="UTF-8"?>
<robot generator="Robot 4.1.3 (Python 3.10.2 on win32)" generated="20220201 21:40:40.500" rpa="false" schemaversion="2">
<suite id="s1" name="Summer" source="C:\Users\André\Desktop\CTD\Summer Week 22\ctd-summer-week__testing\Testes Automatizados\Summer.robot">
<test id="s1-t1" name="Cadastro">
<kw name="Abrir o site da aplicação" library="Summer" type="SETUP">
<kw name="Open Browser" library="SeleniumLibrary">
<arg>${SITE}</arg>
<arg>${NAVEGADOR}</arg>
<doc>Opens a new browser instance to the optional ``url``.</doc>
<msg timestamp="20220201 21:40:40.858" level="INFO">Opening browser 'Chrome' to base url 'http://localhost:3000/'.</msg>
<status status="PASS" starttime="20220201 21:40:40.857" endtime="20220201 21:40:42.987"/>
</kw>
<kw name="Maximize Browser Window" library="SeleniumLibrary">
<doc>Maximizes current browser window.</doc>
<status status="PASS" starttime="20220201 21:40:42.987" endtime="20220201 21:40:43.117"/>
</kw>
<status status="PASS" starttime="20220201 21:40:40.857" endtime="20220201 21:40:43.117"/>
</kw>
<kw name="Abrir o site da aplicação" library="Summer">
<kw name="Open Browser" library="SeleniumLibrary">
<arg>${SITE}</arg>
<arg>${NAVEGADOR}</arg>
<doc>Opens a new browser instance to the optional ``url``.</doc>
<msg timestamp="20220201 21:40:43.119" level="INFO">Opening browser 'Chrome' to base url 'http://localhost:3000/'.</msg>
<status status="PASS" starttime="20220201 21:40:43.119" endtime="20220201 21:40:45.332"/>
</kw>
<kw name="Maximize Browser Window" library="SeleniumLibrary">
<doc>Maximizes current browser window.</doc>
<status status="PASS" starttime="20220201 21:40:45.332" endtime="20220201 21:40:45.464"/>
</kw>
<status status="PASS" starttime="20220201 21:40:43.118" endtime="20220201 21:40:45.464"/>
</kw>
<kw name="Clicar no botão (+) para cadastrar um novo filme" library="Summer">
<kw name="Wait and Click" library="Summer">
<arg>${BOTAO_CADASTRAR}</arg>
<kw name="Wait Until Element Is Visible" library="SeleniumLibrary">
<arg>${ELEMENTO}</arg>
<doc>Waits until the element ``locator`` is visible.</doc>
<status status="PASS" starttime="20220201 21:40:45.465" endtime="20220201 21:40:45.502"/>
</kw>
<kw name="Wait Until Element Is Enabled" library="SeleniumLibrary">
<arg>${ELEMENTO}</arg>
<doc>Waits until the element ``locator`` is enabled.</doc>
<status status="PASS" starttime="20220201 21:40:45.502" endtime="20220201 21:40:45.551"/>
</kw>
<kw name="Click Element" library="SeleniumLibrary">
<arg>${ELEMENTO}</arg>
<doc>Click the element identified by ``locator``.</doc>
<msg timestamp="20220201 21:40:45.553" level="INFO">Clicking element 'css=#root &gt; button'.</msg>
<status status="PASS" starttime="20220201 21:40:45.552" endtime="20220201 21:40:45.683"/>
</kw>
<status status="PASS" starttime="20220201 21:40:45.465" endtime="20220201 21:40:45.683"/>
</kw>
<status status="PASS" starttime="20220201 21:40:45.464" endtime="20220201 21:40:45.683"/>
</kw>
<kw name="Adicionar uma URL de imagem">
<msg timestamp="20220201 21:40:45.687" level="FAIL">No keyword with name 'Adicionar uma URL de imagem' found.</msg>
<status status="FAIL" starttime="20220201 21:40:45.687" endtime="20220201 21:40:45.687"/>
</kw>
<kw name="Inserir &quot;Shrék&quot; como título do filme" library="Summer">
<status status="NOT RUN" starttime="20220201 21:40:45.689" endtime="20220201 21:40:45.689"/>
</kw>
<kw name="Inserir &quot;1 filmê muito legal&quot; a descrição do filme" library="Summer">
<status status="NOT RUN" starttime="20220201 21:40:45.689" endtime="20220201 21:40:45.689"/>
</kw>
<kw name="Clicar em &quot;Salvar&quot;" library="Summer">
<status status="NOT RUN" starttime="20220201 21:40:45.690" endtime="20220201 21:40:45.690"/>
</kw>
<kw name="Close Browser" library="SeleniumLibrary" type="TEARDOWN">
<doc>Closes the current browser.</doc>
<status status="PASS" starttime="20220201 21:40:45.690" endtime="20220201 21:40:47.803"/>
</kw>
<status status="FAIL" starttime="20220201 21:40:40.856" endtime="20220201 21:40:47.803">No keyword with name 'Adicionar uma URL de imagem' found.</status>
</test>
<test id="s1-t2" name="Edição">
<kw name="Abrir o site da aplicação" library="Summer" type="SETUP">
<kw name="Open Browser" library="SeleniumLibrary">
<arg>${SITE}</arg>
<arg>${NAVEGADOR}</arg>
<doc>Opens a new browser instance to the optional ``url``.</doc>
<msg timestamp="20220201 21:40:47.806" level="INFO">Opening browser 'Chrome' to base url 'http://localhost:3000/'.</msg>
<status status="PASS" starttime="20220201 21:40:47.806" endtime="20220201 21:40:51.894"/>
</kw>
<kw name="Maximize Browser Window" library="SeleniumLibrary">
<doc>Maximizes current browser window.</doc>
<status status="PASS" starttime="20220201 21:40:51.894" endtime="20220201 21:40:52.022"/>
</kw>
<status status="PASS" starttime="20220201 21:40:47.805" endtime="20220201 21:40:52.022"/>
</kw>
<kw name="Clicar no botão &quot;Detalhes&quot; de um cartão" library="Summer">
<kw name="Wait and Click" library="Summer">
<arg>${BOTAO_DETALHES}</arg>
<kw name="Wait Until Element Is Visible" library="SeleniumLibrary">
<arg>${ELEMENTO}</arg>
<doc>Waits until the element ``locator`` is visible.</doc>
<status status="PASS" starttime="20220201 21:40:52.023" endtime="20220201 21:40:52.046"/>
</kw>
<kw name="Wait Until Element Is Enabled" library="SeleniumLibrary">
<arg>${ELEMENTO}</arg>
<doc>Waits until the element ``locator`` is enabled.</doc>
<status status="PASS" starttime="20220201 21:40:52.046" endtime="20220201 21:40:52.068"/>
</kw>
<kw name="Click Element" library="SeleniumLibrary">
<arg>${ELEMENTO}</arg>
<doc>Click the element identified by ``locator``.</doc>
<msg timestamp="20220201 21:40:52.068" level="INFO">Clicking element 'css=#uncontrolled-tab-example-tabpane-all &gt; div &gt; div &gt; div:nth-child(1) &gt; div &gt; div &gt; button'.</msg>
<status status="PASS" starttime="20220201 21:40:52.068" endtime="20220201 21:40:52.147"/>
</kw>
<status status="PASS" starttime="20220201 21:40:52.023" endtime="20220201 21:40:52.147"/>
</kw>
<status status="PASS" starttime="20220201 21:40:52.023" endtime="20220201 21:40:52.148"/>
</kw>
<kw name="Alterar a URL da imagem" library="Summer">
<kw name="Wait and Input Text" library="Summer">
<arg>${CAMPO_IMAGEM}</arg>
<arg>${NOVA_URL_IMAGEM}</arg>
<kw name="Wait Until Element Is Visible" library="SeleniumLibrary">
<arg>${ELEMENTO}</arg>
<doc>Waits until the element ``locator`` is visible.</doc>
<status status="PASS" starttime="20220201 21:40:52.149" endtime="20220201 21:40:52.175"/>
</kw>
<kw name="Wait Until Element Is Enabled" library="SeleniumLibrary">
<arg>${ELEMENTO}</arg>
<doc>Waits until the element ``locator`` is enabled.</doc>
<status status="PASS" starttime="20220201 21:40:52.176" endtime="20220201 21:40:52.197"/>
</kw>
<kw name="Input Text" library="SeleniumLibrary">
<arg>${ELEMENTO}</arg>
<arg>${TEXTO}</arg>
<doc>Types the given ``text`` into the text field identified by ``locator``.</doc>
<msg timestamp="20220201 21:40:52.198" level="INFO">Typing text 'https://www.magazine-hd.com/apps/wp/wp-content/uploads/2017/04/Carros_3.jpg' into text field 'css=#formUrl'.</msg>
<status status="PASS" starttime="20220201 21:40:52.197" endtime="20220201 21:40:53.410"/>
</kw>
<status status="PASS" starttime="20220201 21:40:52.148" endtime="20220201 21:40:53.410"/>
</kw>
<kw name="Sleep" library="BuiltIn">
<arg>1</arg>
<doc>Pauses the test executed for the given time.</doc>
<msg timestamp="20220201 21:40:54.425" level="INFO">Slept 1 second</msg>
<status status="PASS" starttime="20220201 21:40:53.410" endtime="20220201 21:40:54.425"/>
</kw>
<status status="PASS" starttime="20220201 21:40:52.148" endtime="20220201 21:40:54.425"/>
</kw>
<kw name="Alterar o título para: &quot;Shèeek&quot;" library="Summer">
<kw name="Wait and Input Text" library="Summer">
<arg>${CAMPO_TITULO}</arg>
<arg>${NOVO_TITULO}</arg>
<kw name="Wait Until Element Is Visible" library="SeleniumLibrary">
<arg>${ELEMENTO}</arg>
<doc>Waits until the element ``locator`` is visible.</doc>
<status status="PASS" starttime="20220201 21:40:54.427" endtime="20220201 21:40:54.448"/>
</kw>
<kw name="Wait Until Element Is Enabled" library="SeleniumLibrary">
<arg>${ELEMENTO}</arg>
<doc>Waits until the element ``locator`` is enabled.</doc>
<status status="PASS" starttime="20220201 21:40:54.448" endtime="20220201 21:40:54.468"/>
</kw>
<kw name="Input Text" library="SeleniumLibrary">
<arg>${ELEMENTO}</arg>
<arg>${TEXTO}</arg>
<doc>Types the given ``text`` into the text field identified by ``locator``.</doc>
<msg timestamp="20220201 21:40:54.469" level="INFO">Typing text 'Shèeek' into text field 'css=#formTitle'.</msg>
<status status="PASS" starttime="20220201 21:40:54.468" endtime="20220201 21:40:54.599"/>
</kw>
<status status="PASS" starttime="20220201 21:40:54.427" endtime="20220201 21:40:54.599"/>
</kw>
<status status="PASS" starttime="20220201 21:40:54.426" endtime="20220201 21:40:54.599"/>
</kw>
<kw name="Alterar a descrição para: &quot;Descrição alterada&quot;" library="Summer">
<kw name="Wait and Input Text" library="Summer">
<arg>${CAMPO_DESCRICAO}</arg>
<arg>${NOVA_DESCRICAO}</arg>
<kw name="Wait Until Element Is Visible" library="SeleniumLibrary">
<arg>${ELEMENTO}</arg>
<doc>Waits until the element ``locator`` is visible.</doc>
<status status="PASS" starttime="20220201 21:40:54.601" endtime="20220201 21:40:54.623"/>
</kw>
<kw name="Wait Until Element Is Enabled" library="SeleniumLibrary">
<arg>${ELEMENTO}</arg>
<doc>Waits until the element ``locator`` is enabled.</doc>
<status status="PASS" starttime="20220201 21:40:54.623" endtime="20220201 21:40:54.645"/>
</kw>
<kw name="Input Text" library="SeleniumLibrary">
<arg>${ELEMENTO}</arg>
<arg>${TEXTO}</arg>
<doc>Types the given ``text`` into the text field identified by ``locator``.</doc>
<msg timestamp="20220201 21:40:54.646" level="INFO">Typing text 'Descrição alterada' into text field 'css=#formDescription'.</msg>
<status status="PASS" starttime="20220201 21:40:54.645" endtime="20220201 21:40:54.884"/>
</kw>
<status status="PASS" starttime="20220201 21:40:54.600" endtime="20220201 21:40:54.884"/>
</kw>
<status status="PASS" starttime="20220201 21:40:54.600" endtime="20220201 21:40:54.884"/>
</kw>
<kw name="Clicar em &quot;Salvar&quot;" library="Summer">
<kw name="Wait and Click" library="Summer">
<arg>${BOTAO_SALVAR}</arg>
<kw name="Wait Until Element Is Visible" library="SeleniumLibrary">
<arg>${ELEMENTO}</arg>
<doc>Waits until the element ``locator`` is visible.</doc>
<status status="PASS" starttime="20220201 21:40:54.885" endtime="20220201 21:40:54.903"/>
</kw>
<kw name="Wait Until Element Is Enabled" library="SeleniumLibrary">
<arg>${ELEMENTO}</arg>
<doc>Waits until the element ``locator`` is enabled.</doc>
<status status="PASS" starttime="20220201 21:40:54.904" endtime="20220201 21:40:54.925"/>
</kw>
<kw name="Click Element" library="SeleniumLibrary">
<arg>${ELEMENTO}</arg>
<doc>Click the element identified by ``locator``.</doc>
<msg timestamp="20220201 21:40:54.925" level="INFO">Clicking element 'css=body &gt; div.fade.modal.show &gt; div &gt; div &gt; div.modal-footer &gt; button'.</msg>
<status status="PASS" starttime="20220201 21:40:54.925" endtime="20220201 21:40:54.960"/>
</kw>
<status status="PASS" starttime="20220201 21:40:54.885" endtime="20220201 21:40:54.961"/>
</kw>
<status status="PASS" starttime="20220201 21:40:54.885" endtime="20220201 21:40:54.961"/>
</kw>
<kw name="Close Browser" library="SeleniumLibrary" type="TEARDOWN">
<doc>Closes the current browser.</doc>
<status status="PASS" starttime="20220201 21:40:54.962" endtime="20220201 21:40:57.101"/>
</kw>
<status status="PASS" starttime="20220201 21:40:47.805" endtime="20220201 21:40:57.102"/>
</test>
<test id="s1-t3" name="Exclusão">
<kw name="Abrir o site da aplicação" library="Summer" type="SETUP">
<kw name="Open Browser" library="SeleniumLibrary">
<arg>${SITE}</arg>
<arg>${NAVEGADOR}</arg>
<doc>Opens a new browser instance to the optional ``url``.</doc>
<msg timestamp="20220201 21:40:57.105" level="INFO">Opening browser 'Chrome' to base url 'http://localhost:3000/'.</msg>
<status status="PASS" starttime="20220201 21:40:57.105" endtime="20220201 21:41:00.781"/>
</kw>
<kw name="Maximize Browser Window" library="SeleniumLibrary">
<doc>Maximizes current browser window.</doc>
<status status="PASS" starttime="20220201 21:41:00.782" endtime="20220201 21:41:00.915"/>
</kw>
<status status="PASS" starttime="20220201 21:40:57.104" endtime="20220201 21:41:00.915"/>
</kw>
<kw name="Clicar no botão &quot;Detalhes&quot; de um cartão" library="Summer">
<kw name="Wait and Click" library="Summer">
<arg>${BOTAO_DETALHES}</arg>
<kw name="Wait Until Element Is Visible" library="SeleniumLibrary">
<arg>${ELEMENTO}</arg>
<doc>Waits until the element ``locator`` is visible.</doc>
<status status="PASS" starttime="20220201 21:41:00.918" endtime="20220201 21:41:00.950"/>
</kw>
<kw name="Wait Until Element Is Enabled" library="SeleniumLibrary">
<arg>${ELEMENTO}</arg>
<doc>Waits until the element ``locator`` is enabled.</doc>
<status status="PASS" starttime="20220201 21:41:00.950" endtime="20220201 21:41:00.981"/>
</kw>
<kw name="Click Element" library="SeleniumLibrary">
<arg>${ELEMENTO}</arg>
<doc>Click the element identified by ``locator``.</doc>
<msg timestamp="20220201 21:41:00.982" level="INFO">Clicking element 'css=#uncontrolled-tab-example-tabpane-all &gt; div &gt; div &gt; div:nth-child(1) &gt; div &gt; div &gt; button'.</msg>
<status status="PASS" starttime="20220201 21:41:00.981" endtime="20220201 21:41:01.088"/>
</kw>
<status status="PASS" starttime="20220201 21:41:00.917" endtime="20220201 21:41:01.088"/>
</kw>
<status status="PASS" starttime="20220201 21:41:00.917" endtime="20220201 21:41:01.088"/>
</kw>
<kw name="Clicar no botão &quot;Deletar&quot;">
<msg timestamp="20220201 21:41:01.094" level="FAIL">No keyword with name 'Clicar no botão "Deletar"' found.</msg>
<status status="FAIL" starttime="20220201 21:41:01.094" endtime="20220201 21:41:01.094"/>
</kw>
<kw name="Close Browser" library="SeleniumLibrary" type="TEARDOWN">
<doc>Closes the current browser.</doc>
<status status="PASS" starttime="20220201 21:41:01.095" endtime="20220201 21:41:03.348"/>
</kw>
<status status="FAIL" starttime="20220201 21:40:57.103" endtime="20220201 21:41:03.349">No keyword with name 'Clicar no botão "Deletar"' found.</status>
</test>
<status status="FAIL" starttime="20220201 21:40:40.502" endtime="20220201 21:41:03.353"/>
</suite>
<statistics>
<total>
<stat pass="1" fail="2" skip="0">All Tests</stat>
</total>
<tag>
</tag>
<suite>
<stat pass="1" fail="2" skip="0" id="s1" name="Summer">Summer</stat>
</suite>
</statistics>
<errors>
</errors>
</robot>
